#
# There is insufficient memory for the Java Runtime Environment to continue.
# Native memory allocation (malloc) failed to allocate 493776 bytes for Chunk::new
# Possible reasons:
#   The system is out of physical RAM or swap space
#   The process is running with CompressedOops enabled, and the Java Heap may be blocking the growth of the native heap
# Possible solutions:
#   Reduce memory load on the system
#   Increase physical memory or swap space
#   Check if swap backing store is full
#   Decrease Java heap size (-Xmx/-Xms)
#   Decrease number of Java threads
#   Decrease Java thread stack sizes (-Xss)
#   Set larger code cache with -XX:ReservedCodeCacheSize=
#   JVM is running with Unscaled Compressed Oops mode in which the Java heap is
#     placed in the first 4GB address space. The Java Heap base address is the
#     maximum limit for the native heap growth. Please use -XX:HeapBaseMinAddress
#     to set the Java Heap base and to place the Java Heap above 4GB virtual address.
# This output file may be truncated or incomplete.
#
#  Out of Memory Error (t:/workspace/open/src/hotspot/share/memory/arena.cpp:197), pid=9904, tid=1140
#
# JRE version: Java(TM) SE Runtime Environment (12.0.2+10) (build 12.0.2+10)
# Java VM: Java HotSpot(TM) 64-Bit Server VM (12.0.2+10, mixed mode, sharing, tiered, compressed oops, g1 gc, windows-amd64)
# No core dump will be written. Minidumps are not enabled by default on client versions of Windows
#

---------------  S U M M A R Y ------------

Command Line: -Dapplication.home=C:\Program Files\Java\jdk-12.0.2 --add-modules=ALL-DEFAULT -Xms8m -Djdk.module.main=jdk.compiler jdk.compiler/com.sun.tools.javac.Main -d C:\Users\Sergi\Desktop\Projecto1Estructuras\build\classes -classpath C:\Users\Sergi\Desktop\Projecto1Estructuras\build\classes;C:\Users\Sergi\Desktop\Estructuras\poi-bin-4.1.0-20190412\poi-4.1.0\docs;C:\Users\Sergi\Desktop\Estructuras\poi-bin-4.1.0-20190412\poi-4.1.0\lib;C:\Users\Sergi\Desktop\Estructuras\poi-bin-4.1.0-20190412\poi-4.1.0\ooxml-lib;C:\Users\Sergi\Desktop\Estructuras\poi-bin-4.1.0-20190412\poi-4.1.0\poi-4.1.0.jar;C:\Users\Sergi\Desktop\Estructuras\poi-bin-4.1.0-20190412\poi-4.1.0\poi-examples-4.1.0.jar;C:\Users\Sergi\Desktop\Estructuras\poi-bin-4.1.0-20190412\poi-4.1.0\poi-excelant-4.1.0.jar;C:\Users\Sergi\Desktop\Estructuras\poi-bin-4.1.0-20190412\poi-4.1.0\poi-ooxml-4.1.0.jar;C:\Users\Sergi\Desktop\Estructuras\poi-bin-4.1.0-20190412\poi-4.1.0\poi-ooxml-schemas-4.1.0.jar;C:\Users\Sergi\Desktop\Estructuras\poi-bin-4.1.0-20190412\poi-4.1.0\poi-scratchpad-4.1.0.jar -sourcepath C:\Users\Sergi\Desktop\Projecto1Estructuras\build\empty -target 12 -encoding UTF-8 -g -processorpath C:\Users\Sergi\Desktop\Estructuras\poi-bin-4.1.0-20190412\poi-4.1.0\docs;C:\Users\Sergi\Desktop\Estructuras\poi-bin-4.1.0-20190412\poi-4.1.0\lib;C:\Users\Sergi\Desktop\Estructuras\poi-bin-4.1.0-20190412\poi-4.1.0\ooxml-lib;C:\Users\Sergi\Desktop\Estructuras\poi-bin-4.1.0-20190412\poi-4.1.0\poi-4.1.0.jar;C:\Users\Sergi\Desktop\Estructuras\poi-bin-4.1.0-20190412\poi-4.1.0\poi-examples-4.1.0.jar;C:\Users\Sergi\Desktop\Estructuras\poi-bin-4.1.0-20190412\poi-4.1.0\poi-excelant-4.1.0.jar;C:\Users\Sergi\Desktop\Estructuras\poi-bin-4.1.0-20190412\poi-4.1.0\poi-ooxml-4.1.0.jar;C:\Users\Sergi\Desktop\Estructuras\poi-bin-4.1.0-20190412\poi-4.1.0\poi-ooxml-schemas-4.1.0.jar;C:\Users\Sergi\Desktop\Estructuras\poi-bin-4.1.0-20190412\poi-4.1.0\poi-scratchpad-4.1.0.jar;C:\Users\Sergi\Desktop\Projecto1Estructuras\build\empty -s C:\Users\Sergi\Desktop\Projecto1Estructuras\build\generated-sources\ap-source-output -source 12 C:\Users\Sergi\Desktop\Projecto1Estructuras\src\projecto1estructuras\GUI\ventana.java

Host: Intel(R) Core(TM) i5-4460S CPU @ 2.90GHz, 4 cores, 7G,  Windows 10 , 64 bit Build 18362 (10.0.18362.329)
Time: Thu Oct 10 12:09:31 2019 Hora de verano central (México) elapsed time: 0 seconds (0d 0h 0m 0s)

---------------  T H R E A D  ---------------

Current thread (0x000001bc75301000):  JavaThread "C2 CompilerThread1" daemon [_thread_in_native, id=1140, stack(0x0000005cef200000,0x0000005cef300000)]


Current CompileTask:
C2:    824 1359       4       jdk.internal.jimage.ImageLocation::getFullName (109 bytes)

Stack: [0x0000005cef200000,0x0000005cef300000]
Native frames: (J=compiled Java code, j=interpreted, Vv=VM code, C=native code)
V  [jvm.dll+0x63aa2a]
V  [jvm.dll+0x78ce1e]
V  [jvm.dll+0x78e4c1]
V  [jvm.dll+0x78eb13]
V  [jvm.dll+0x2627e8]
V  [jvm.dll+0xc55cc]
V  [jvm.dll+0xc5b4c]
V  [jvm.dll+0x37a677]
V  [jvm.dll+0x3463d3]
V  [jvm.dll+0x34579a]
V  [jvm.dll+0x21c205]
V  [jvm.dll+0x21b3da]
V  [jvm.dll+0x199a20]
V  [jvm.dll+0x22a744]
V  [jvm.dll+0x228d98]
V  [jvm.dll+0x7512a0]
V  [jvm.dll+0x74a2c8]
V  [jvm.dll+0x639b16]
C  [ucrtbase.dll+0x1d9f2]
C  [KERNEL32.DLL+0x17bd4]
C  [ntdll.dll+0x6cee1]


---------------  P R O C E S S  ---------------

Threads class SMR info:
_java_thread_list=0x000001bc75345210, length=11, elements={
0x000001bc564ae000, 0x000001bc75063800, 0x000001bc75067800, 0x000001bc75082000,
0x000001bc75084000, 0x000001bc75086800, 0x000001bc7508a000, 0x000001bc75092000,
0x000001bc752ca800, 0x000001bc75301000, 0x000001bc75345800
}

Java Threads: ( => current thread )
  0x000001bc564ae000 JavaThread "main" [_thread_blocked, id=7872, stack(0x0000005cee300000,0x0000005cee400000)]
  0x000001bc75063800 JavaThread "Reference Handler" daemon [_thread_blocked, id=5408, stack(0x0000005ceea00000,0x0000005ceeb00000)]
  0x000001bc75067800 JavaThread "Finalizer" daemon [_thread_blocked, id=8468, stack(0x0000005ceeb00000,0x0000005ceec00000)]
  0x000001bc75082000 JavaThread "Signal Dispatcher" daemon [_thread_blocked, id=1176, stack(0x0000005ceec00000,0x0000005ceed00000)]
  0x000001bc75084000 JavaThread "Attach Listener" daemon [_thread_blocked, id=12860, stack(0x0000005ceed00000,0x0000005ceee00000)]
  0x000001bc75086800 JavaThread "C2 CompilerThread0" daemon [_thread_blocked, id=11216, stack(0x0000005ceee00000,0x0000005ceef00000)]
  0x000001bc7508a000 JavaThread "C1 CompilerThread0" daemon [_thread_blocked, id=7316, stack(0x0000005ceef00000,0x0000005cef000000)]
  0x000001bc75092000 JavaThread "Sweeper thread" daemon [_thread_blocked, id=4196, stack(0x0000005cef000000,0x0000005cef100000)]
  0x000001bc752ca800 JavaThread "Common-Cleaner" daemon [_thread_blocked, id=2564, stack(0x0000005cef100000,0x0000005cef200000)]
=>0x000001bc75301000 JavaThread "C2 CompilerThread1" daemon [_thread_in_native, id=1140, stack(0x0000005cef200000,0x0000005cef300000)]
  0x000001bc75345800 JavaThread "Service Thread" daemon [_thread_blocked, id=7364, stack(0x0000005cef300000,0x0000005cef400000)]

Other Threads:
  0x000001bc75060000 VMThread "VM Thread" [stack: 0x0000005cee900000,0x0000005ceea00000] [id=14420]
  0x000001bc7535f800 WatcherThread [stack: 0x0000005cef400000,0x0000005cef500000] [id=13320]
  0x000001bc564ef000 GCTaskThread "GC Thread#0" [stack: 0x0000005cee400000,0x0000005cee500000] [id=13520]
  0x000001bc754f7000 GCTaskThread "GC Thread#1" [stack: 0x0000005cef500000,0x0000005cef600000] [id=13796]
  0x000001bc564fd800 ConcurrentGCThread "G1 Main Marker" [stack: 0x0000005cee500000,0x0000005cee600000] [id=11916]
  0x000001bc56500800 ConcurrentGCThread "G1 Conc#0" [stack: 0x0000005cee600000,0x0000005cee700000] [id=14620]
  0x000001bc5651e000 ConcurrentGCThread "G1 Refine#0" [stack: 0x0000005cee700000,0x0000005cee800000] [id=11948]
  0x000001bc5651f000 ConcurrentGCThread "G1 Young RemSet Sampling" [stack: 0x0000005cee800000,0x0000005cee900000] [id=14916]

Threads with active compile tasks:
C2 CompilerThread0  1363       4       com.sun.tools.javac.util.SharedNameTable::fromUtf (174 bytes)
C2 CompilerThread1  1359       4       jdk.internal.jimage.ImageLocation::getFullName (109 bytes)

VM state:at safepoint (normal execution)

VM Mutex/Monitor currently owned by a thread:  ([mutex/lock_event])
[0x000001bc564acec0] Threads_lock - owner thread: 0x000001bc75060000
[0x000001bc564ac920] Heap_lock - owner thread: 0x000001bc564ae000

Heap address: 0x0000000081400000, size: 2028 MB, Compressed Oops mode: 32-bit
Narrow klass base: 0x0000000800000000, Narrow klass shift: 3
Compressed class space size: 1073741824 Address: 0x0000000801190000

Heap:
 garbage-first heap   total 43008K, used 11990K [0x0000000081400000, 0x0000000100000000)
  region size 1024K, 1 young (1024K), 1 survivors (1024K)
 Metaspace       used 8755K, capacity 11423K, committed 11648K, reserved 1058816K
  class space    used 1024K, capacity 1324K, committed 1408K, reserved 1048576K
Heap Regions: E=young(eden), S=young(survivor), O=old, HS=humongous(starts), HC=humongous(continues), CS=collection set, F=free, A=archive, TAMS=top-at-mark-start (previous, next)
|   0|0x0000000081400000, 0x0000000081500000, 0x0000000081500000|100%|HS|  |TAMS 0x0000000081500000, 0x0000000081500000| Complete 
|   1|0x0000000081500000, 0x0000000081600000, 0x0000000081600000|100%| O|  |TAMS 0x0000000081600000, 0x0000000081600000| Untracked 
|   2|0x0000000081600000, 0x0000000081700000, 0x0000000081700000|100%| O|  |TAMS 0x0000000081700000, 0x0000000081700000| Untracked 
|   3|0x0000000081700000, 0x0000000081800000, 0x0000000081800000|100%| O|  |TAMS 0x0000000081800000, 0x0000000081800000| Untracked 
|   4|0x0000000081800000, 0x0000000081900000, 0x0000000081900000|100%| O|  |TAMS 0x0000000081900000, 0x0000000081900000| Untracked 
|   5|0x0000000081900000, 0x0000000081a00000, 0x0000000081a00000|100%| O|  |TAMS 0x0000000081a00000, 0x0000000081a00000| Untracked 
|   6|0x0000000081a00000, 0x0000000081b00000, 0x0000000081b00000|100%|HS|  |TAMS 0x0000000081b00000, 0x0000000081b00000| Complete 
|   7|0x0000000081b00000, 0x0000000081c00000, 0x0000000081c00000|100%| O|  |TAMS 0x0000000081c00000, 0x0000000081c00000| Untracked 
|   8|0x0000000081c00000, 0x0000000081d00000, 0x0000000081d00000|100%| O|  |TAMS 0x0000000081c9f000, 0x0000000081d00000| Untracked 
|   9|0x0000000081d00000, 0x0000000081e00000, 0x0000000081e00000|100%| O|  |TAMS 0x0000000081d00000, 0x0000000081e00000| Untracked 
|  10|0x0000000081e00000, 0x0000000081f00000, 0x0000000081f00000|100%| O|  |TAMS 0x0000000081e00000, 0x0000000081e55600| Untracked 
|  11|0x0000000081f00000, 0x0000000081f10400, 0x0000000082000000|  6%| O|  |TAMS 0x0000000081f00000, 0x0000000081f00000| Untracked 
|  12|0x0000000082000000, 0x0000000082000000, 0x0000000082100000|  0%| F|  |TAMS 0x0000000082000000, 0x0000000082000000| Untracked 
|  13|0x0000000082100000, 0x0000000082100000, 0x0000000082200000|  0%| F|  |TAMS 0x0000000082100000, 0x0000000082100000| Untracked 
|  14|0x0000000082200000, 0x0000000082200000, 0x0000000082300000|  0%| F|  |TAMS 0x0000000082200000, 0x0000000082200000| Untracked 
|  15|0x0000000082300000, 0x0000000082300000, 0x0000000082400000|  0%| F|  |TAMS 0x0000000082300000, 0x0000000082300000| Untracked 
|  16|0x0000000082400000, 0x0000000082400000, 0x0000000082500000|  0%| F|  |TAMS 0x0000000082400000, 0x0000000082400000| Untracked 
|  17|0x0000000082500000, 0x0000000082500000, 0x0000000082600000|  0%| F|  |TAMS 0x0000000082500000, 0x0000000082500000| Untracked 
|  18|0x0000000082600000, 0x0000000082600000, 0x0000000082700000|  0%| F|  |TAMS 0x0000000082600000, 0x0000000082600000| Untracked 
|  19|0x0000000082700000, 0x00000000827a5690, 0x0000000082800000| 64%| S|CS|TAMS 0x0000000082700000, 0x0000000082700000| Complete 
|  20|0x0000000082800000, 0x0000000082800000, 0x0000000082900000|  0%| F|  |TAMS 0x0000000082800000, 0x0000000082800000| Untracked 
|  21|0x0000000082900000, 0x0000000082900000, 0x0000000082a00000|  0%| F|  |TAMS 0x0000000082900000, 0x0000000082900000| Untracked 
|  22|0x0000000082a00000, 0x0000000082a00000, 0x0000000082b00000|  0%| F|  |TAMS 0x0000000082a00000, 0x0000000082a00000| Untracked 
|  23|0x0000000082b00000, 0x0000000082b00000, 0x0000000082c00000|  0%| F|  |TAMS 0x0000000082b00000, 0x0000000082b00000| Untracked 

Card table byte_map: [0x000001bc6dcb0000,0x000001bc6e0b0000] _byte_map_base: 0x000001bc6d8a6000

Marking Bits (Prev, Next): (CMBitMap*) 0x000001bc564f0ba8, (CMBitMap*) 0x000001bc564f0b68
 Prev Bits: [0x000001bc70460000, 0x000001bc72410000)
 Next Bits: [0x000001bc6e4b0000, 0x000001bc70460000)

Polling page: 0x000001bc54340000

Metaspace:

Usage:
  Non-class:      9.86 MB capacity,     7.55 MB ( 77%) used,     2.29 MB ( 23%) free+waste,    23.88 KB ( <1%) overhead. 
      Class:      1.29 MB capacity,     1.00 MB ( 77%) used,   287.90 KB ( 22%) free+waste,    11.81 KB ( <1%) overhead. 
       Both:     11.16 MB capacity,     8.55 MB ( 77%) used,     2.57 MB ( 23%) free+waste,    35.69 KB ( <1%) overhead. 

Virtual space:
  Non-class space:       10.00 MB reserved,      10.00 MB (100%) committed 
      Class space:        1.00 GB reserved,       1.38 MB ( <1%) committed 
             Both:        1.01 GB reserved,      11.38 MB (  1%) committed 

Chunk freelists:
   Non-Class:  1.63 KB
       Class:  0 bytes
        Both:  1.63 KB

CodeHeap 'non-profiled nmethods': size=120064Kb used=502Kb max_used=502Kb free=119561Kb
 bounds [0x000001bc66370000, 0x000001bc665e0000, 0x000001bc6d8b0000]
CodeHeap 'profiled nmethods': size=120000Kb used=2634Kb max_used=2634Kb free=117365Kb
 bounds [0x000001bc5ee40000, 0x000001bc5f0e0000, 0x000001bc66370000]
CodeHeap 'non-nmethods': size=5696Kb used=1119Kb max_used=1154Kb free=4576Kb
 bounds [0x000001bc5e8b0000, 0x000001bc5eb20000, 0x000001bc5ee40000]
 total_blobs=2222 nmethods=1393 adapters=335
 compilation: enabled
              stopped_count=0, restarted_count=0
 full_count=0

Compilation events (10 events):
Event: 0.819 Thread 0x000001bc7508a000 1385       3       java.lang.invoke.MethodType::basicType (8 bytes)
Event: 0.819 Thread 0x000001bc7508a000 nmethod 1385 0x000001bc5f0cb090 code [0x000001bc5f0cb240, 0x000001bc5f0cb3d8]
Event: 0.819 Thread 0x000001bc7508a000 1389       1       com.sun.tools.javac.code.Symtab::lambda$lookupPackage$1 (5 bytes)
Event: 0.819 Thread 0x000001bc7508a000 nmethod 1389 0x000001bc663ed290 code [0x000001bc663ed440, 0x000001bc663ed538]
Event: 0.820 Thread 0x000001bc7508a000 1391       3       com.sun.tools.javac.tree.JCTree::hasTag (14 bytes)
Event: 0.820 Thread 0x000001bc7508a000 nmethod 1391 0x000001bc5f0cb490 code [0x000001bc5f0cb660, 0x000001bc5f0cb910]
Event: 0.821 Thread 0x000001bc7508a000 1393       3       java.util.regex.Pattern$Start::match (90 bytes)
Event: 0.821 Thread 0x000001bc7508a000 nmethod 1393 0x000001bc5f0cba10 code [0x000001bc5f0cbc00, 0x000001bc5f0cc070]
Event: 0.821 Thread 0x000001bc7508a000 1392       3       java.util.regex.Matcher::search (154 bytes)
Event: 0.821 Thread 0x000001bc7508a000 nmethod 1392 0x000001bc5f0cc210 code [0x000001bc5f0cc420, 0x000001bc5f0cca40]

GC Heap History (10 events):
Event: 0.671 GC heap before
{Heap before GC invocations=14 (full 0):
 garbage-first heap   total 19456K, used 10000K [0x0000000081400000, 0x0000000100000000)
  region size 1024K, 2 young (2048K), 1 survivors (1024K)
 Metaspace       used 8271K, capacity 11167K, committed 11392K, reserved 1058816K
  class space    used 978K, capacity 1304K, committed 1408K, reserved 1048576K
}
Event: 0.671 GC heap after
{Heap after GC invocations=15 (full 0):
 garbage-first heap   total 19456K, used 8910K [0x0000000081400000, 0x0000000100000000)
  region size 1024K, 1 young (1024K), 1 survivors (1024K)
 Metaspace       used 8271K, capacity 11167K, committed 11392K, reserved 1058816K
  class space    used 978K, capacity 1304K, committed 1408K, reserved 1048576K
}
Event: 0.695 GC heap before
{Heap before GC invocations=15 (full 0):
 garbage-first heap   total 19456K, used 10958K [0x0000000081400000, 0x0000000100000000)
  region size 1024K, 3 young (3072K), 1 survivors (1024K)
 Metaspace       used 8345K, capacity 11253K, committed 11392K, reserved 1058816K
  class space    used 989K, capacity 1312K, committed 1408K, reserved 1048576K
}
Event: 0.696 GC heap after
{Heap after GC invocations=16 (full 0):
 garbage-first heap   total 24576K, used 9214K [0x0000000081400000, 0x0000000100000000)
  region size 1024K, 1 young (1024K), 1 survivors (1024K)
 Metaspace       used 8345K, capacity 11253K, committed 11392K, reserved 1058816K
  class space    used 989K, capacity 1312K, committed 1408K, reserved 1048576K
}
Event: 0.772 GC heap before
{Heap before GC invocations=17 (full 0):
 garbage-first heap   total 24576K, used 14334K [0x0000000081400000, 0x0000000100000000)
  region size 1024K, 6 young (6144K), 1 survivors (1024K)
 Metaspace       used 8666K, capacity 11404K, committed 11648K, reserved 1058816K
  class space    used 1014K, capacity 1318K, committed 1408K, reserved 1048576K
}
Event: 0.774 GC heap after
{Heap after GC invocations=18 (full 0):
 garbage-first heap   total 24576K, used 9895K [0x0000000081400000, 0x0000000100000000)
  region size 1024K, 1 young (1024K), 1 survivors (1024K)
 Metaspace       used 8666K, capacity 11404K, committed 11648K, reserved 1058816K
  class space    used 1014K, capacity 1318K, committed 1408K, reserved 1048576K
}
Event: 0.791 GC heap before
{Heap before GC invocations=18 (full 0):
 garbage-first heap   total 24576K, used 15015K [0x0000000081400000, 0x0000000100000000)
  region size 1024K, 6 young (6144K), 1 survivors (1024K)
 Metaspace       used 8702K, capacity 11404K, committed 11648K, reserved 1058816K
  class space    used 1019K, capacity 1318K, committed 1408K, reserved 1048576K
}
Event: 0.794 GC heap after
{Heap after GC invocations=19 (full 0):
 garbage-first heap   total 24576K, used 10634K [0x0000000081400000, 0x0000000100000000)
  region size 1024K, 1 young (1024K), 1 survivors (1024K)
 Metaspace       used 8702K, capacity 11404K, committed 11648K, reserved 1058816K
  class space    used 1019K, capacity 1318K, committed 1408K, reserved 1048576K
}
Event: 0.806 GC heap before
{Heap before GC invocations=19 (full 0):
 garbage-first heap   total 24576K, used 15754K [0x0000000081400000, 0x0000000100000000)
  region size 1024K, 6 young (6144K), 1 survivors (1024K)
 Metaspace       used 8708K, capacity 11404K, committed 11648K, reserved 1058816K
  class space    used 1019K, capacity 1318K, committed 1408K, reserved 1048576K
}
Event: 0.809 GC heap after
{Heap after GC invocations=20 (full 0):
 garbage-first heap   total 24576K, used 11359K [0x0000000081400000, 0x0000000100000000)
  region size 1024K, 1 young (1024K), 1 survivors (1024K)
 Metaspace       used 8708K, capacity 11404K, committed 11648K, reserved 1058816K
  class space    used 1019K, capacity 1318K, committed 1408K, reserved 1048576K
}

Deoptimization events (10 events):
Event: 0.639 Thread 0x000001bc564ae000 Uncommon trap: reason=bimorphic_or_optimized_type_check action=maybe_recompile pc=0x000001bc663bf310 method=java.util.HashMap.getNode(ILjava/lang/Object;)Ljava/util/HashMap$Node; @ 126 c2
Event: 0.691 Thread 0x000001bc564ae000 Uncommon trap: reason=class_check action=maybe_recompile pc=0x000001bc663ab604 method=java.util.HashMap.getNode(ILjava/lang/Object;)Ljava/util/HashMap$Node; @ 126 c2
Event: 0.693 Thread 0x000001bc564ae000 Uncommon trap: reason=class_check action=maybe_recompile pc=0x000001bc663cc630 method=java.nio.file.Files$AcceptAllFilter.accept(Ljava/lang/Object;)Z @ 2 c2
Event: 0.693 Thread 0x000001bc564ae000 Uncommon trap: reason=class_check action=maybe_recompile pc=0x000001bc663cc630 method=java.nio.file.Files$AcceptAllFilter.accept(Ljava/lang/Object;)Z @ 2 c2
Event: 0.693 Thread 0x000001bc564ae000 Uncommon trap: reason=class_check action=maybe_recompile pc=0x000001bc663cc630 method=java.nio.file.Files$AcceptAllFilter.accept(Ljava/lang/Object;)Z @ 2 c2
Event: 0.693 Thread 0x000001bc564ae000 Uncommon trap: reason=class_check action=maybe_recompile pc=0x000001bc663cc630 method=java.nio.file.Files$AcceptAllFilter.accept(Ljava/lang/Object;)Z @ 2 c2
Event: 0.718 Thread 0x000001bc564ae000 Uncommon trap: reason=profile_predicate action=maybe_recompile pc=0x000001bc663d43dc method=java.lang.StringLatin1.indexOf([BI[BII)I @ 18 c2
Event: 0.718 Thread 0x000001bc564ae000 Uncommon trap: reason=profile_predicate action=maybe_recompile pc=0x000001bc663d43dc method=java.lang.StringLatin1.indexOf([BI[BII)I @ 18 c2
Event: 0.718 Thread 0x000001bc564ae000 Uncommon trap: reason=profile_predicate action=maybe_recompile pc=0x000001bc663d43dc method=java.lang.StringLatin1.indexOf([BI[BII)I @ 18 c2
Event: 0.718 Thread 0x000001bc564ae000 Uncommon trap: reason=profile_predicate action=maybe_recompile pc=0x000001bc663d43dc method=java.lang.StringLatin1.indexOf([BI[BII)I @ 18 c2

Classes redefined (0 events):
No events

Internal exceptions (10 events):
Event: 0.796 Thread 0x000001bc564ae000 Exception <a 'sun/nio/fs/WindowsException'{0x0000000082b69c18}> (0x0000000082b69c18) thrown at [t:/workspace/open/src/hotspot/share/prims/jni.cpp, line 615]
Event: 0.796 Thread 0x000001bc564ae000 Exception <a 'sun/nio/fs/WindowsException'{0x0000000082b69ec8}> (0x0000000082b69ec8) thrown at [t:/workspace/open/src/hotspot/share/prims/jni.cpp, line 615]
Event: 0.797 Thread 0x000001bc564ae000 Exception <a 'sun/nio/fs/WindowsException'{0x0000000082b6add0}> (0x0000000082b6add0) thrown at [t:/workspace/open/src/hotspot/share/prims/jni.cpp, line 615]
Event: 0.797 Thread 0x000001bc564ae000 Exception <a 'sun/nio/fs/WindowsException'{0x0000000082b6b0d0}> (0x0000000082b6b0d0) thrown at [t:/workspace/open/src/hotspot/share/prims/jni.cpp, line 615]
Event: 0.797 Thread 0x000001bc564ae000 Exception <a 'sun/nio/fs/WindowsException'{0x0000000082b6bfd0}> (0x0000000082b6bfd0) thrown at [t:/workspace/open/src/hotspot/share/prims/jni.cpp, line 615]
Event: 0.797 Thread 0x000001bc564ae000 Exception <a 'sun/nio/fs/WindowsException'{0x0000000082b6c2d0}> (0x0000000082b6c2d0) thrown at [t:/workspace/open/src/hotspot/share/prims/jni.cpp, line 615]
Event: 0.797 Thread 0x000001bc564ae000 Exception <a 'sun/nio/fs/WindowsException'{0x0000000082b6d1f8}> (0x0000000082b6d1f8) thrown at [t:/workspace/open/src/hotspot/share/prims/jni.cpp, line 615]
Event: 0.797 Thread 0x000001bc564ae000 Exception <a 'sun/nio/fs/WindowsException'{0x0000000082b6d520}> (0x0000000082b6d520) thrown at [t:/workspace/open/src/hotspot/share/prims/jni.cpp, line 615]
Event: 0.797 Thread 0x000001bc564ae000 Exception <a 'sun/nio/fs/WindowsException'{0x0000000082b6e518}> (0x0000000082b6e518) thrown at [t:/workspace/open/src/hotspot/share/prims/jni.cpp, line 615]
Event: 0.797 Thread 0x000001bc564ae000 Exception <a 'sun/nio/fs/WindowsException'{0x0000000082b6e7b8}> (0x0000000082b6e7b8) thrown at [t:/workspace/open/src/hotspot/share/prims/jni.cpp, line 615]

Events (10 events):
Event: 0.816 loading class com/sun/tools/javac/util/List
Event: 0.816 loading class com/sun/tools/javac/util/List done
Event: 0.816 loading class com/sun/tools/javac/code/Scope$FilterImportScope
Event: 0.816 loading class com/sun/tools/javac/code/Scope$FilterImportScope done
Event: 0.816 loading class com/sun/tools/javac/code/Symbol
Event: 0.816 loading class com/sun/tools/javac/code/Symbol done
Event: 0.816 loading class com/sun/tools/javac/code/Symbol
Event: 0.816 loading class com/sun/tools/javac/code/Symbol done
Event: 0.816 loading class com/sun/tools/javac/code/Scope$FilterImportScope
Event: 0.816 loading class com/sun/tools/javac/code/Scope$FilterImportScope done


Dynamic libraries:
0x00007ff693230000 - 0x00007ff693238000 	C:\Program Files\Java\jdk-12.0.2\bin\javac.exe
0x00007ffde6600000 - 0x00007ffde67f0000 	C:\Windows\SYSTEM32\ntdll.dll
0x00007ffdbfc10000 - 0x00007ffdbfc24000 	C:\Program Files\AVAST Software\Avast\aswhook.dll
0x00007ffde50d0000 - 0x00007ffde5182000 	C:\Windows\System32\KERNEL32.DLL
0x00007ffde3950000 - 0x00007ffde3bf3000 	C:\Windows\System32\KERNELBASE.dll
0x00007ffde3c00000 - 0x00007ffde3cfa000 	C:\Windows\System32\ucrtbase.dll
0x00007ffdd5d20000 - 0x00007ffdd5d38000 	C:\Program Files\Java\jdk-12.0.2\bin\jli.dll
0x00007ffde56d0000 - 0x00007ffde5773000 	C:\Windows\System32\ADVAPI32.dll
0x00007ffde6520000 - 0x00007ffde65be000 	C:\Windows\System32\msvcrt.dll
0x00007ffde6300000 - 0x00007ffde6397000 	C:\Windows\System32\sechost.dll
0x00007ffde6030000 - 0x00007ffde6150000 	C:\Windows\System32\RPCRT4.dll
0x00007ffde4d90000 - 0x00007ffde4f23000 	C:\Windows\System32\USER32.dll
0x00007ffde45f0000 - 0x00007ffde4611000 	C:\Windows\System32\win32u.dll
0x00007ffde6410000 - 0x00007ffde6436000 	C:\Windows\System32\GDI32.dll
0x00007ffde35b0000 - 0x00007ffde3744000 	C:\Windows\System32\gdi32full.dll
0x00007ffde4500000 - 0x00007ffde459e000 	C:\Windows\System32\msvcp_win.dll
0x00007ffdb34e0000 - 0x00007ffdb34f6000 	C:\Program Files\Java\jdk-12.0.2\bin\VCRUNTIME140.dll
0x00007ffdd6b30000 - 0x00007ffdd6db5000 	C:\Windows\WinSxS\amd64_microsoft.windows.common-controls_6595b64144ccf1df_6.0.18362.356_none_e6c4af7d130f27cc\COMCTL32.dll
0x00007ffde49c0000 - 0x00007ffde4cf6000 	C:\Windows\System32\combase.dll
0x00007ffde3d00000 - 0x00007ffde3d80000 	C:\Windows\System32\bcryptPrimitives.dll
0x00007ffddb420000 - 0x00007ffddb42a000 	C:\Windows\SYSTEM32\VERSION.dll
0x00007ffde4d00000 - 0x00007ffde4d2e000 	C:\Windows\System32\IMM32.DLL
0x00007ffd8c170000 - 0x00007ffd8c21a000 	C:\Program Files\Java\jdk-12.0.2\bin\msvcp140.dll
0x00007ffd8ac40000 - 0x00007ffd8b7b7000 	C:\Program Files\Java\jdk-12.0.2\bin\server\jvm.dll
0x00007ffde6150000 - 0x00007ffde6158000 	C:\Windows\System32\PSAPI.DLL
0x00007ffdd7d40000 - 0x00007ffdd7d49000 	C:\Windows\SYSTEM32\WSOCK32.dll
0x00007ffde6440000 - 0x00007ffde64af000 	C:\Windows\System32\WS2_32.dll
0x00007ffde0ff0000 - 0x00007ffde1014000 	C:\Windows\SYSTEM32\WINMM.dll
0x00007ffde0fc0000 - 0x00007ffde0fed000 	C:\Windows\SYSTEM32\WINMMBASE.dll
0x00007ffde45a0000 - 0x00007ffde45ea000 	C:\Windows\System32\cfgmgr32.dll
0x00007ffde34e0000 - 0x00007ffde34f1000 	C:\Windows\System32\kernel.appcore.dll
0x00007ffdb3440000 - 0x00007ffdb3451000 	C:\Program Files\Java\jdk-12.0.2\bin\verify.dll
0x00007ffddaa40000 - 0x00007ffddac34000 	C:\Windows\SYSTEM32\DBGHELP.DLL
0x00007ffddaa10000 - 0x00007ffddaa3a000 	C:\Windows\SYSTEM32\dbgcore.DLL
0x00007ffdb3460000 - 0x00007ffdb3486000 	C:\Program Files\Java\jdk-12.0.2\bin\java.dll
0x00007ffdb2fc0000 - 0x00007ffdb2fd7000 	C:\Program Files\Java\jdk-12.0.2\bin\zip.dll
0x00007ffdb3430000 - 0x00007ffdb343a000 	C:\Program Files\Java\jdk-12.0.2\bin\jimage.dll
0x00007ffde5940000 - 0x00007ffde6025000 	C:\Windows\System32\SHELL32.dll
0x00007ffde47b0000 - 0x00007ffde4859000 	C:\Windows\System32\shcore.dll
0x00007ffde3d80000 - 0x00007ffde44fe000 	C:\Windows\System32\windows.storage.dll
0x00007ffde3550000 - 0x00007ffde356f000 	C:\Windows\System32\profapi.dll
0x00007ffde3500000 - 0x00007ffde354a000 	C:\Windows\System32\powrprof.dll
0x00007ffde34d0000 - 0x00007ffde34e0000 	C:\Windows\System32\UMPDC.dll
0x00007ffde4d30000 - 0x00007ffde4d82000 	C:\Windows\System32\shlwapi.dll
0x00007ffde3590000 - 0x00007ffde35a7000 	C:\Windows\System32\cryptsp.dll
0x00007ffdb2fa0000 - 0x00007ffdb2fb9000 	C:\Program Files\Java\jdk-12.0.2\bin\net.dll
0x00007ffdda410000 - 0x00007ffdda500000 	C:\Windows\SYSTEM32\WINHTTP.dll
0x00007ffdd3fa0000 - 0x00007ffdd4176000 	C:\Windows\SYSTEM32\urlmon.dll
0x00007ffdd42a0000 - 0x00007ffdd4546000 	C:\Windows\SYSTEM32\iertutil.dll
0x00007ffde2f10000 - 0x00007ffde2f1c000 	C:\Windows\SYSTEM32\CRYPTBASE.DLL
0x00007ffde2d40000 - 0x00007ffde2da7000 	C:\Windows\system32\mswsock.dll
0x00007ffdb2f80000 - 0x00007ffdb2f93000 	C:\Program Files\Java\jdk-12.0.2\bin\nio.dll

dbghelp: loaded successfully - version: 4.0.5 - missing functions: none
symbol engine: initialized successfully - sym options: 0x614 - pdb path: .;C:\Program Files\Java\jdk-12.0.2\bin;C:\Windows\SYSTEM32;C:\Program Files\AVAST Software\Avast;C:\Windows\WinSxS\amd64_microsoft.windows.common-controls_6595b64144ccf1df_6.0.18362.356_none_e6c4af7d130f27cc;C:\Program Files\Java\jdk-12.0.2\bin\server

VM Arguments:
jvm_args: -Dapplication.home=C:\Program Files\Java\jdk-12.0.2 --add-modules=ALL-DEFAULT -Xms8m -Djdk.module.main=jdk.compiler 
java_command: jdk.compiler/com.sun.tools.javac.Main -d C:\Users\Sergi\Desktop\Projecto1Estructuras\build\classes -classpath C:\Users\Sergi\Desktop\Projecto1Estructuras\build\classes;C:\Users\Sergi\Desktop\Estructuras\poi-bin-4.1.0-20190412\poi-4.1.0\docs;C:\Users\Sergi\Desktop\Estructuras\poi-bin-4.1.0-20190412\poi-4.1.0\lib;C:\Users\Sergi\Desktop\Estructuras\poi-bin-4.1.0-20190412\poi-4.1.0\ooxml-lib;C:\Users\Sergi\Desktop\Estructuras\poi-bin-4.1.0-20190412\poi-4.1.0\poi-4.1.0.jar;C:\Users\Sergi\Desktop\Estructuras\poi-bin-4.1.0-20190412\poi-4.1.0\poi-examples-4.1.0.jar;C:\Users\Sergi\Desktop\Estructuras\poi-bin-4.1.0-20190412\poi-4.1.0\poi-excelant-4.1.0.jar;C:\Users\Sergi\Desktop\Estructuras\poi-bin-4.1.0-20190412\poi-4.1.0\poi-ooxml-4.1.0.jar;C:\Users\Sergi\Desktop\Estructuras\poi-bin-4.1.0-20190412\poi-4.1.0\poi-ooxml-schemas-4.1.0.jar;C:\Users\Sergi\Desktop\Estructuras\poi-bin-4.1.0-20190412\poi-4.1.0\poi-scratchpad-4.1.0.jar -sourcepath C:\Users\Sergi\Desktop\Projecto1Estructuras\build\empty -target 12 -encoding UTF-8 -g -processorpath C:\Users\Sergi\Desktop\Estructuras\poi-bin-4.1.0-20190412\poi-4.1.0\docs;C:\Users\Sergi\Desktop\Estructuras\poi-bin-4.1.0-20190412\poi-4.1.0\lib;C:\Users\Sergi\Desktop\Estructuras\poi-bin-4.1.0-20190412\poi-4.1.0\ooxml-lib;C:\Users\Sergi\Desktop\Estructuras\poi-bin-4.1.0-20190412\poi-4.1.0\poi-4.1.0.jar;C:\Users\Sergi\Desktop\Estructuras\poi-bin-4.1.0-20190412\poi-4.1.0\poi-examples-4.1.0.jar;C:\Users\Sergi\Desktop\Estructuras\poi-bin-4.1.0-20190412\poi-4.1.0\poi-excelant-4.1.0.jar;C:\Users\Sergi\Desktop\Estructuras\poi-bin-4.1.0-20190412\poi-4.1.0\poi-ooxml-4.1.0.jar;C:\Users\Sergi\Desktop\Estructuras\poi-bin-4.1.0-20190412\poi-4.1.0\poi-ooxml-schemas-4.1.0.jar;C:\Users\Sergi\Desktop\Estructuras\poi-bin-4.1.0-20190412\poi-4.1.0\poi-scratchpad-4.1.0.jar;C:\Users\Sergi\Desktop\Projecto1Estructuras\build\empty -s C:\Users\Sergi\Desktop\Projecto1Estructuras\build\generated-sources\ap-source-output -source 12 C:\Users\Sergi\Deskt
java_class_path (initial): <not set>
Launcher Type: SUN_STANDARD

[Global flags]
     intx CICompilerCount                          = 3                                         {product} {ergonomic}
     uint ConcGCThreads                            = 1                                         {product} {ergonomic}
     uint G1ConcRefinementThreads                  = 4                                         {product} {ergonomic}
   size_t G1HeapRegionSize                         = 1048576                                   {product} {ergonomic}
    uintx GCDrainStackTargetSize                   = 64                                        {product} {ergonomic}
   size_t InitialHeapSize                          = 8388608                                   {product} {command line}
   size_t MarkStackSize                            = 4194304                                   {product} {ergonomic}
   size_t MaxHeapSize                              = 2126512128                                {product} {ergonomic}
   size_t MaxNewSize                               = 1275068416                                {product} {ergonomic}
   size_t MinHeapDeltaBytes                        = 1048576                                   {product} {ergonomic}
    uintx NonNMethodCodeHeapSize                   = 5830732                                {pd product} {ergonomic}
    uintx NonProfiledCodeHeapSize                  = 122913754                              {pd product} {ergonomic}
    uintx ProfiledCodeHeapSize                     = 122913754                              {pd product} {ergonomic}
    uintx ReservedCodeCacheSize                    = 251658240                              {pd product} {ergonomic}
     bool SegmentedCodeCache                       = true                                      {product} {ergonomic}
     bool UseCompressedClassPointers               = true                                 {lp64_product} {ergonomic}
     bool UseCompressedOops                        = true                                 {lp64_product} {ergonomic}
     bool UseG1GC                                  = true                                      {product} {ergonomic}
     bool UseLargePagesIndividualAllocation        = false                                  {pd product} {ergonomic}

Logging:
Log output configuration:
 #0: stdout all=warning uptime,level,tags
 #1: stderr all=off uptime,level,tags

Environment Variables:
PATH=C:\Program Files\Java\jdk1.7.0_80\bin;C:\Program Files\Java\jre7\bin;C:\Program Files\Java\jre1.8.0_221\bin;C:\Program Files\Java\jdk1.8.0_221\bin;C:\Program Files (x86)\Common Files\Oracle\Java\javapath;C:\Program Files\Python37\Scripts\;C:\Users\Sergi\AppData\Local\Programs\Python\Python37\Lib\site-packages\pip;C:\Program Files\Python37\;C:\Windows\system32;C:\Windows;C:\Windows\System32\Wbem;C:\Windows\System32\WindowsPowerShell\v1.0\;C:\Windows\System32\OpenSSH\;C:\Program Files\Java\jdk-12.0.2\bin;C:\Users\Sergi\AppData\Roaming\Python\Python37\site-packages\django\bin;C:\Program Files\PostgreSQL\11\bin;C:\Users\Sergi\AppData\Local\Microsoft\WindowsApps;C:\Users\Sergi\AppData\Roaming\Python\Python37\site-packages\django\bin;
USERNAME=Sergio
OS=Windows_NT
PROCESSOR_IDENTIFIER=Intel64 Family 6 Model 60 Stepping 3, GenuineIntel



---------------  S Y S T E M  ---------------

OS: Windows 10 , 64 bit Build 18362 (10.0.18362.329)

CPU:total 4 (initial active 4) (4 cores per cpu, 1 threads per core) family 6 model 60 stepping 3, cmov, cx8, fxsr, mmx, sse, sse2, sse3, ssse3, sse4.1, sse4.2, popcnt, avx, avx2, aes, clmul, erms, lzcnt, tsc, tscinvbit, bmi1, bmi2, fma

Memory: 4k page, system-wide physical 8108M (413M free)
TotalPageFile size 32684M (AvailPageFile size 4M)
current process WorkingSet (physical memory assigned to process): 85M, peak: 85M
current process commit charge ("private bytes"): 111M, peak: 129M

vm_info: Java HotSpot(TM) 64-Bit Server VM (12.0.2+10) for windows-amd64 JRE (12.0.2+10), built on Jul 16 2019 01:56:17 by "mach5one" with MS VC++ 15.5 (VS2017)

END.
