M68HC11 Absolute Assembler  Version 1.0.0 C:\Users\Sergio\Desktop\EXEMPLO.ASC

0	A						**********************************

1	A						*PROGRAMA DE EJEMPLO

2	A						**********************************

3	A	1026     					PACTL  EQU   $1026

4	A	1027     					PACNT  EQU   $1027

5	A	1030     					ADCTL  EQU   $1030

6	A	1031     					ADR1   EQU   $1031

7	A	1032     					ADR2   EQU   $1032

8	A	1033     					ADR3   EQU   $1033

9	A	1034     					ADR4   EQU   $1034

10	A	1039     					OPTION EQU   $1039

11	A	8000					

12	A	1000     					PORTA  EQU   $1000

13	A	1008     					PORTD  EQU   $1008

14	A	100A     					PORTE  EQU   $100A

15	A	1002     					PORTG  EQU   $1002

16	A	8000					

17	A	1001     					DDRA   EQU   $1001

18	A	1009     					DDRD   EQU   $1009

19	A	1003     					DDRG   EQU   $1003

20	A	8000					

21	A	1024     					TMSK2  EQU   $1024

22	A	1025     					TFLG2  EQU   $1025

23	A	8000					

24	A	102F     					SCDR   EQU   $102F

25	A	102D     					SCCR2  EQU   $102D

26	A	102E     					SCSR   EQU   $102E

27	A	102C     					SCCR1  EQU   $102C

28	A	102B     					BAUD   EQU   $102B

29	A	103C     					HPRIO  EQU   $103C

30	A	1028     					SPCR   EQU   $1028

31	A	105D     					CSCTL  EQU   $105D

32	A	1038     					OPT2   EQU   $1038

33	A	8000					

34	A						* VARIABLES *********************

35	A	8000					

36	A	0C       					ORDEN  EQU   $000C

37	A	0D       					SEG    EQU   $000D

38	A	0E       					U1     EQU   $000E

39	A	0F       					U2     EQU   $000F

40	A	10       					U3     EQU   $0010

41	A	11       					U4     EQU   $0011

42	A	12       					U5     EQU   $0012

43	A	13       					V1     EQU   $0013

44	A	14       					V2     EQU   $0014

45	A	15       					BAS_H  EQU   $0015

46	A	16       					BAS_L  EQU   $0016

47	A	17       					V5     EQU   $0017

48	A	18       					TEMPO  EQU   $0018

49	A	19       					ALTO   EQU   $0019

50	A	1A       					BAJO   EQU   $001A

51	A	1B       					BASE_H EQU   $001B

52	A	1C       					BASE_L EQU   $001C

53	A	1D       					V3     EQU   $001D

54	A	1E       					V4     EQU   $001E

55	A	8000					

56	A						**********************************

57	A						*CONFIGURA REGISTROS

58	A						**********************************

59	A	8000             ORG   $8000   * DIR DE INICIO

60	A	8000  8E 03 FF	       LDS   #$03FF  * APUNTADOR DE STAK

61	A	8003					

62	A	8003					

63	A	8003  86 00	       LDAA  #$00    * CONFIG TODO EL PUERTO  A COMO ENTRADAS

64	A	8005  B7 10 01	       STAA  DDRA    * EL PUERTO A

65	A	8008					

66	A	8008  86 FF	       LDAA  #$FF    * CONFIG TODO EL PUERTO  G COMO SALIDAS

67	A	800a  B7 10 03	       STAA  DDRG    * EL PUERTO G 

68	A	800d					

69	A	800d  86 00	       LDAA  #$00    * SE PONE PUERTO G EN CEROS

70	A	800f  B7 10 02	       STAA  PORTG

71	A	8012					

72	A	8012  CC 30 2C	       LDD   #$302C  * CONFIGURA PUERTO SERIAL

73	A	8015  B7 10 2B	       STAA  BAUD    * BAUD  9600  para cristal de 8MHz

74	A	8018  F7 10 2D	       STAB  SCCR2   * HABILITA  RX Y TX PERO INTERRUPCN SOLO RX

75	A	801b  86 00	       LDAA  #$00

76	A	801d  B7 10 2C	       STAA  SCCR1   * 8 BITS

77	A	8020					

78	A	8020  86 FE	       LDAA  #$FE    * CONFIG PUERTO D COMO SALIDAS (EXCEPTO PD0)

79	A	8022  B7 10 09	       STAA  DDRD    * SEA  ENABLE DEL DISPLAY  PD4  Y RS PD3

80	A	8025					

81	A	8025					

82	A	8025  86 04	       LDAA  #$04

83	A	8027  B7 10 3C	       STAA  HPRIO

84	A	802a					

85	A	802a  86 00	       LDAA  #$00

86	A	802c  06	       TAP

87	A	802d					

88	A	802d					

89	A	802d					

90	A	802d					

91	A	802d					

92	A	802d					

93	A						**********************************

94	A						*PROGRAMA PRINCIPAL

95	A						**********************************

96	A	802d      MAIN   

97	A	802d  BD 80 9f	       JSR   INICIA

98	A	8030  86 3F	       LDAA  #$3F

99	A	8032  97 0C	       STAA  ORDEN         * CARGO UN (?) en 000A

100	A	8034					

101	A	
102	A	8034      CICLO

103	A	8034  96 0D	       LDAA  SEG

104	A	8036  27 fc	       BEQ   CICLO 

105	A	8038  7F 00 0D	       CLR   SEG

106	A	803b					

107	A	803b  B6 10 27	       LDAA  PACNT

108	A	803e  97 17	       STAA  V5

109	A	8040  7F 10 27	       CLR   PACNT

110	A	8043					

111	A	8043					

112	A	8043  BD 81 b8	       JSR   DATARX        * DESPLIEGA DATO TRANSMITIDO

113	A	8046  18 09	       DEY

114	A	8048  18 8F	       XGDY 

115	A	804a  97 19	       STAA  ALTO

116	A	804c  D7 1A	       STAB  BAJO

117	A	804e  18 8F	       XGDY

118	A	8050  96 19	       LDAA  ALTO

119	A	8052  D6 1A	       LDAB  BAJO

120	A	8054  BD 82 1a	       JSR   BINBCD

121	A	8057  BD 81 4f	       JSR   DISPLAY

122	A	805a  BD 81 3f	       JSR   COMA

123	A	805d  BD 81 d4	       JSR   VOLTA

124	A	8060					

125	A	8060  4F	       CLRA

126	A	8061  D6 13	       LDAB  V1

127	A	8063  BD 82 2a	       JSR   BNBCD

128	A	8066  BD 81 6e	       JSR   DSPLY

129	A	8069  BD 81 3f	       JSR   COMA

130	A	806c					

131	A	806c  4F	       CLRA

132	A	806d  D6 14	       LDAB  V2

133	A	806f  BD 82 2a	       JSR   BNBCD

134	A	8072  BD 81 6e	       JSR   DSPLY

135	A	8075  BD 81 3f	       JSR   COMA

136	A	8078					

137	A	8078  4F	       CLRA

138	A	8079  D6 1D	       LDAB  V3

139	A	807b  BD 82 2a	       JSR   BNBCD

140	A	807e  BD 81 6e	       JSR   DSPLY

141	A	8081  BD 81 3f	       JSR   COMA

142	A	8084					

143	A	8084  4F	       CLRA

144	A	8085  D6 1E	       LDAB  V4

145	A	8087  BD 82 2a	       JSR   BNBCD

146	A	808a  BD 81 6e	       JSR   DSPLY

147	A	808d  BD 81 3f	       JSR   COMA

148	A	
149	A	8090  4F	       CLRA

150	A	8091  D6 17	       LDAB  V5

151	A	8093  BD 82 2a	       JSR   BNBCD

152	A	8096  BD 81 6e	       JSR   DSPLY

153	A	8099					

154	A	8099  BD 81 9c	       JSR   CRYTRN

155	A	809c					

156	A	809c  7E 80 34	       JMP   CICLO

157	A	809f					

158	A	809f					

159	A						***********************************

160	A						* INICIA

161	A						***********************************

162	A	809f      INICIA

163	A	809f					

164	A	809f  7F 00 0D	      CLR  SEG

165	A	80a2					

166	A	80a2  7F 10 02	      CLR  PORTG

167	A	80a5  86 F4	      LDAA #$F4         

168	A	80a7  97 18	      STAA TEMPO         * TEMPO ES VARIABLE PARA CONTAR 244 CICLOS

169	A	80a9					

170	A	80a9  CE 10 24	      LDX #TMSK2

171	A	80ac  1C 00 40	      BSET $00,X,#$40    * HABILITA INTERRUPCION TIMER T-REAL

172	A	80af  0E	      CLI

173	A	80b0					

174	A	80b0  CE 10 26	      LDX #PACTL

175	A	80b3  1C 00 50	      BSET $00,X,#$50    * HABILITA PAEN -ACUMULADOR PULSOS ALTOS-

176	A	80b6  7F 10 27	      CLR PACNT          * BORRA ACUMULADOR DE PULSOS

177	A	80b9					

178	A	80b9  86 10	      LDAA #$10

179	A	80bb  97 1B	      STAA BASE_H        * PONE UN #1060 COMO DIRECCION BASE INICIAL

180	A	80bd  86 60	      LDAA #$60

181	A	80bf  97 1C	      STAA BASE_L    

182	A	80c1					

183	A	80c1  18 CE 10 60	      LDY  #$1060      

184	A	80c5					

185	A	80c5  86 16	      LDAA #$16

186	A	80c7  97 15	      STAA BAS_H        * PONE UN #1653 NUMERO TOTAL DE JUEGO DE MUESTRAS

187	A	80c9  86 53	      LDAA #$53

188	A	80cb  97 16	      STAA BAS_L   

189	A	80cd					

190	A	80cd					

191	A	80cd  7F 00 19	      CLR  ALTO          * INICIA INDICE MUESTRA EN 0

192	A	80d0  7F 00 1A	      CLR  BAJO

193	A	80d3					

194	A	80d3  39	      RTS

195	A						***********************************

196	A						* SACA

197	A						***********************************

198	A	80d4      SACA

199	A	
200	A	
201	A	80d4  96 19	       LDAA  ALTO         * INDICE DE MUESTRA (SEGUNDO)

202	A	80d6  D6 1A	       LDAB  BAJO

203	A	80d8  18 8F	       XGDY

204	A	80da  18 08	       INY

205	A	80dc  18 8F	       XGDY

206	A	80de  BD 82 1a	       JSR   BINBCD

207	A	80e1  BD 81 4f	       JSR   DISPLAY

208	A	80e4  BD 81 3f	       JSR   COMA

209	A	
210	A	80e7  96 1B	       LDAA  BASE_H       * INDICE DE MUESTRA (PARTICULAR)

211	A	80e9  D6 1C	       LDAB  BASE_L

212	A	80eb  18 8F	       XGDY

213	A	80ed					

214	A	80ed  18 08	       INY

215	A	80ef  4F	       CLRA

216	A	80f0  18 E6 00	       LDAB  $00,Y  

217	A	80f3  BD 82 2a	       JSR   BNBCD

218	A	80f6  BD 81 6e	       JSR   DSPLY

219	A	80f9  BD 81 3f	       JSR   COMA

220	A	80fc					

221	A	80fc  18 08	       INY

222	A	80fe  4F	       CLRA

223	A	80ff  18 E6 00	       LDAB  $00,Y

224	A	8102  BD 82 2a	       JSR   BNBCD

225	A	8105  BD 81 6e	       JSR   DSPLY

226	A	8108  BD 81 3f	       JSR   COMA

227	A	810b					

228	A	810b  18 08	       INY

229	A	810d  4F	       CLRA

230	A	810e  18 E6 00	       LDAB  $00,Y

231	A	8111  BD 82 2a	       JSR   BNBCD

232	A	8114  BD 81 6e	       JSR   DSPLY

233	A	8117  BD 81 3f	       JSR   COMA

234	A	811a					

235	A	811a  18 08	       INY

236	A	811c  4F	       CLRA

237	A	811d  18 E6 00	       LDAB  $00,Y

238	A	8120  BD 82 2a	       JSR   BNBCD

239	A	8123  BD 81 6e	       JSR   DSPLY

240	A	8126  BD 81 3f	       JSR   COMA

241	A	8129					

242	A	8129  18 08	       INY

243	A	812b  4F	       CLRA 

244	A	812c  18 E6 00	       LDAB  $00,Y

245	A	812f  BD 82 2a	       JSR   BNBCD

246	A	8132  BD 81 6e	       JSR   DSPLY

247	A	8135					

248	A	8135  18 8F	       XGDY

249	A	8137  97 1B	       STAA BASE_H

250	A	8139  D7 1C	       STAB BASE_L

251	A	813b					

252	A	813b  BD 81 9c	       JSR   CRYTRN

253	A	813e					

254	A	813e  39	       RTS

255	A						***********************************

256	A						* COMA

257	A						***********************************

258	A	813f      COMA

259	A	813f  CE 10 2E	       LDX   #SCSR 

260	A	8142					

261	A	8142  B6 10 2E	       LDAA  SCSR

262	A	8145  86 2C	       LDAA  #$2C             * COMA

263	A	8147  B7 10 2F	       STAA  SCDR

264	A	814a      C1

265	A	814a  1F 00 80 fc	       BRCLR $00,X,#$80 C1 

266	A	814e  39	       RTS

267	A						***********************************

268	A						* DESPLIEGA

269	A						***********************************

270	A	814f      DISPLAY

271	A	814f					

272	A	814f  CE 10 2E	       LDX   #SCSR 

273	A	8152					

274	A	8152  B6 10 2E	       LDAA  SCSR

275	A	8155  96 0E	       LDAA  U1             * U1

276	A	8157  8B 30	       ADDA  #$30

277	A	8159  B7 10 2F	       STAA  SCDR

278	A	815c      T1

279	A	815c  1F 00 80 fc	       BRCLR $00,X,#$80 T1 

280	A	8160					

281	A	8160  B6 10 2E	       LDAA  SCSR

282	A	8163  96 0F	       LDAA  U2             * U2

283	A	8165  8B 30	       ADDA  #$30

284	A	8167  B7 10 2F	       STAA  SCDR

285	A	816a      T2

286	A	816a  1F 00 80 fc	       BRCLR $00,X,#$80 T2 

287	A	816e					

288	A	816e      DSPLY  

289	A	816e  CE 10 2E	       LDX   #SCSR

290	A	8171					

291	A	8171  B6 10 2E	       LDAA SCSR

292	A	8174  96 10	       LDAA  U3             * U3

293	A	8176  8B 30	       ADDA  #$30

294	A	8178  B7 10 2F	       STAA  SCDR

295	A	817b      T3

296	A	817b  1F 00 80 fc	       BRCLR $00,X,#$80 T3 

297	A	817f					

298	A	817f  B6 10 2E	       LDAA SCSR 

299	A	8182  96 11	       LDAA  U4             * U4

300	A	8184  8B 30	       ADDA  #$30

301	A	8186  B7 10 2F	       STAA  SCDR

302	A	8189      T4

303	A	8189  1F 00 80 fc	       BRCLR $00,X,#$80 T4 

304	A	818d					

305	A	818d  B6 10 2E	       LDAA SCSR

306	A	8190  96 12	       LDAA  U5             * U5

307	A	8192  8B 30	       ADDA  #$30

308	A	8194  B7 10 2F	       STAA  SCDR

309	A	8197      T5

310	A	8197  1F 00 80 fc	       BRCLR $00,X,#$80 T5  

311	A	819b					

312	A	819b  39	       RTS

313	A	819c					

314	A						***********************************

315	A						* CARRY RETURN

316	A						***********************************

317	A	819c					

318	A	819c      CRYTRN

319	A	819c  CE 10 2E	       LDX   #SCSR 

320	A	819f  B6 10 2E	       LDAA  SCSR

321	A	81a2  86 0A	       LDAA  #$0A             * NEW LINE     

322	A	81a4  B7 10 2F	       STAA  SCDR

323	A	81a7      CR1

324	A	81a7  1F 00 80 fc	       BRCLR $00,X,#$80 CR1        

325	A	81ab					

326	A	81ab  B6 10 2E	       LDAA SCSR

327	A	81ae  86 0D	       LDAA #$0D              * CARRY RETURN     

328	A	81b0  B7 10 2F	       STAA SCDR

329	A	81b3      CR2

330	A	81b3  1F 00 80 fc	       BRCLR $00,X,#$80 CR2        

331	A	81b7					

332	A	81b7  39	       RTS

333	A						***********************************

334	A						*  DESPLIEGUE DE DATO RECIBIDO

335	A						***********************************

336	A	81b8					

337	A	81b8      DATARX

338	A	81b8  CE 10 2E	       LDX   #SCSR 

339	A	81bb  B6 10 2E	       LDAA  SCSR

340	A	81be  96 0C	       LDAA  ORDEN             * NEW LINE     

341	A	81c0  B7 10 2F	       STAA  SCDR

342	A	81c3      DT1
81c3      DT1

343	A	81c3  1F 00 80 fc	       BRCLR $00,X,#$80 DT1        

344	A	81c7					

345	A	81c7  B6 10 2E	       LDAA SCSR 

346	A	81ca  86 3A	       LDAA #$3A              * DOS PUNTOS    

347	A	81cc  B7 10 2F	       STAA SCDR

348	A	81cf      DT2
81cf      DT2

349	A	81cf  1F 00 80 fc	       BRCLR $00,X,#$80 DT2        

350	A	81d3					

351	A	81d3  39	       RTS

352	A						***********************************

353	A						* voltimetro

354	A						***********************************

355	A	81d4      VOLTA

356	A	81d4  CE 10 30	      LDX #ADCTL      

357	A	81d7					

358	A	81d7  86 80	      LDAA #$80

359	A	81d9  B7 10 39	      STAA OPTION        * PONE EN MARCHA EL ADC

360	A	81dc					

361	A	81dc  86 10	      LDAA #$10

362	A	81de  B7 10 30	      STAA ADCTL         * ENTRADA MULTIPLE SELECCIONA CANAL 0

363	A	81e1					

364	A	81e1      E1

365	A	81e1  1F 00 80 fc	      BRCLR $00,X,#$80 E1  

366	A	81e5  F6 10 31	      LDAB ADR1

367	A	81e8  D7 13	      STAB V1

368	A	81ea					

369	A	81ea  86 80	      LDAA #$80

370	A	81ec  B7 10 39	      STAA OPTION        * PONE EN MARCHA EL ADC

371	A	81ef					

372	A	81ef  86 11	      LDAA #$11

373	A	81f1  B7 10 30	      STAA ADCTL         * ENTRADA MULTIPLE SELECCIONA CANAL 1

374	A	81f4					

375	A	81f4      E2

376	A	81f4  1F 00 80 fc	      BRCLR $00,X,#$80 E2  

377	A	81f8  F6 10 32	      LDAB ADR2

378	A	81fb  D7 14	      STAB V2

379	A	81fd					

380	A	81fd  86 12	      LDAA #$12

381	A	81ff  B7 10 30	      STAA ADCTL         * ENTRADA MULTIPLE SELECCIONA CANAL 2

382	A	8202					

383	A	8202      E3

384	A	8202  1F 00 80 fc	      BRCLR $00,X,#$80 E3  

385	A	8206  F6 10 33	      LDAB ADR3

386	A	8209  D7 1D	      STAB V3 

387	A	820b					

388	A	820b  86 13	      LDAA #$13

389	A	820d  B7 10 30	      STAA ADCTL         * ENTRADA MULTIPLE SELECCIONA CANAL 3

390	A	8210					

391	A	8210      E4

392	A	8210  1F 00 80 fc	      BRCLR $00,X,#$80 E4  

393	A	8214  F6 10 34	      LDAB ADR4

394	A	8217  D7 1E	      STAB V4

395	A	8219					

396	A	
397	A	8219  39	      RTS

398	A						***********************************

399	A						* CONVIERTE A BCD

400	A						***********************************

401	A	821a					

402	A	821a      BINBCD

403	A	821a					

404	A	821a  CE 27 10	      LDX  #$2710

405	A	821d  02	      IDIV 

406	A	821e  8F	      XGDX

407	A	821f  D7 0E	      STAB U1

408	A	8221  8F	      XGDX

409	A	8222  CE 03 E8	      LDX  #$3E8

410	A	8225  02	      IDIV

411	A	8226  8F	      XGDX

412	A	8227  D7 0F	      STAB U2

413	A	8229  8F	      XGDX

414	A	822a					

415	A	822a      BNBCD

416	A	822a  CE 64 64	      LDX  #$64

417	A	822d  02	      IDIV

418	A	822e  8F	      XGDX

419	A	822f  D7 10	      STAB U3

420	A	8231  8F	      XGDX

421	A	8232  CE 0A 0A	      LDX  #$A

422	A	8235  02	      IDIV

423	A	8236  8F	      XGDX

424	A	8237  D7 11	      STAB U4

425	A	8239  8F	      XGDX

426	A	823a  D7 12	      STAB U5

427	A	823c					

428	A	823c					

429	A	823c					

430	A	823c  39	      RTS

431	A	f100					

432	A	f100					

433	A	f100					

434	A						***********************************

435	A						* ATENCION A INTERRUPCION SERIAL

436	A						***********************************

437	A	f100             ORG  $F100

438	A	f100					

439	A	f100					

440	A	f100  B6 10 2E	       LDAA SCSR

441	A	f103  B6 10 2F	       LDAA SCDR

442	A	f106  97 0C	       STAA ORDEN

443	A	f108					

444	A	f108  3B	       RTI

445	A	f110					

446	A						***********************************

447	A						* ATENCION A INTERRUPCION REAL TIME

448	A						***********************************

449	A	f110            ORG  $F110

450	A	f110					

451	A	f110					

452	A	f110  CE 10 25	      LDX #TFLG2

453	A	f113  1C 00 40	      BSET $00,X,#$40    * BORRA BANDERA INTERRUPCION

454	A	f116  7A 00 18	      DEC TEMPO

455	A	f119  27 02	      BEQ SEGUNDO

456	A	f11b					

457	A	f11b					

458	A	f11b  3B	      RTI

459	A	f11c					

460	A	f11c      SEGUNDO
f11c      SEGUNDO

461	A	f11c  86 FF	      LDAA #$FF

462	A	f11e  97 0D	      STAA SEG           * SEG ES UNA BANDERA DE SEGUNDO    

463	A	f120  86 F4	      LDAA #$F4         

464	A	f122  97 18	      STAA TEMPO         * TEMPO ES VARIABLE PARA CONTAR 244 CICLOS

465	A	f124  7C 10 02	      INC  PORTG

466	A	f127					

467	A	f127  3B	      RTI

468	A						***********************************

469	A						* VECTOR INTERRUPCION SERIAL

470	A						***********************************

471	A	ffd6             ORG   $FFD6

472	A	ffd6         FCB   $F1,$00       

473	A	ffd6					

474	A						***********************************

475	A						* VECTOR INTERRUPCION REAL TIME

476	A						***********************************

477	A	fff0             ORG   $FFF0

478	A	ffd6         FCB   $F1,$10       

479	A	ffd6					

480	A						***********************************

481	A						*RESET

482	A						***********************************

483	A	fffe             ORG    $FFFE

484	A	ffd6  RESET  FCB    $80,$00

485	A						***********************************

486	A						       END   $8000








































































































































































































































































































































