
M68HC11 Absolute Assembler   Version 2.70D:\colores\avsim11/pro.ASC


   1 A                 ********************************** 
   2 A                 *PROGRAMA DE EJEMPLO 
   3 A                 ********************************** 
   4 A      1026       PACTL     EQU       $1026                 
   5 A      1027       PACNT     EQU       $1027                 
   6 A      1030       ADCTL     EQU       $1030                 
   7 A      1031       ADR1      EQU       $1031                 
   8 A      1032       ADR2      EQU       $1032                 
   9 A      1033       ADR3      EQU       $1033                 
  10 A      1034       ADR4      EQU       $1034                 
  11 A      1039       OPTION    EQU       $1039                 
  12 A 0000                                                      
  13 A      1000       PORTA     EQU       $1000                 
  14 A      1008       PORTD     EQU       $1008                 
  15 A      100A       PORTE     EQU       $100A                 
  16 A      1002       PORTG     EQU       $1002                 
  17 A 0000                                                      
  18 A      1001       DDRA      EQU       $1001                 
  19 A      1009       DDRD      EQU       $1009                 
  20 A      1003       DDRG      EQU       $1003                 
  21 A 0000                                                      
  22 A      1024       TMSK2     EQU       $1024                 
  23 A      1025       TFLG2     EQU       $1025                 
  24 A 0000                                                      
  25 A      102F       SCDR      EQU       $102F                 
  26 A      102D       SCCR2     EQU       $102D                 
  27 A      102E       SCSR      EQU       $102E                 
  28 A      102C       SCCR1     EQU       $102C                 
  29 A      102B       BAUD      EQU       $102B                 
  30 A      103C       HPRIO     EQU       $103C                 
  31 A      1028       SPCR      EQU       $1028                 
  32 A      105D       CSCTL     EQU       $105D                 
  33 A      1038       OPT2      EQU       $1038                 
  34 A      0030       Ejecutar  EQU       $0030                 
  35 A 0000                                                      
  36 A                 * VARIABLES ********************* 
  37 A                  
  38 A      000C       ORDEN     EQU       $000C                 
  39 A      000D       SEG       EQU       $000D                 
  40 A      000E       U1        EQU       $000E                 
  41 A      000F       U2        EQU       $000F                 
  42 A      0010       U3        EQU       $0010                 
  43 A      0011       U4        EQU       $0011                 
  44 A      0012       U5        EQU       $0012                 
  45 A      0013       V1        EQU       $0013                 
  46 A                   
  47 A      0014       V2        EQU       $0014                 
  48 A      0015       BAS_H     EQU       $0015                 
  49 A      0016       BAS_L     EQU       $0016                 
  50 A      0017       V5        EQU       $0017                 
  51 A      0018       TEMPO     EQU       $0018                 
  52 A      0019       ALTO      EQU       $0019                 
  53 A      001A       BAJO      EQU       $001A                 
  54 A      001B       BASE_H    EQU       $001B                 
  55 A      001C       BASE_L    EQU       $001C                 
  56 A      001D       V3        EQU       $001D                 
  57 A      001E       V4        EQU       $001E                 
  58 A 0000                                                      

M68HC11 Absolute Assembler   Version 2.70D:\colores\avsim11/pro.ASC


  59 A 0000                                                      
  60 A                 ****************** 
  61 A                 *VARIABLES EXTRAS 
  62 A                 ****************** 
  63 A      001F       Extra     EQU       $001F                 
  64 A      0020       AUX       EQU       $0020                 
  65 A 0000                                                      
  66 A                 ********************************** 
  67 A                 *CONFIGURA REGISTROS 
  68 A                 ********************************** 
  69 A      8000                 ORG       $8000                 * DIR DE INICIO 
  70 A 8000 8E00FF               LDS       #$00FF                * APUNTADOR DE STAK 
  71 A                  
  72 A 8003                                                      
  73 A 8003 8600                 LDAA      #$00                  * CONFIG TODO EL PUERTO  A COMO ENTRADAS 
  74 A 8005 B71001               STAA      DDRA                  * EL PUERTO A 
  75 A 8008                                                      
  76 A 8008 86FF                 LDAA      #$FF                  * CONFIG TODO EL PUERTO  G COMO SALIDAS 
  77 A 800A B71003               STAA      DDRG                  * EL PUERTO G  
  78 A                  
  79 A 800D 8600                 LDAA      #$00                  * SE PONE PUERTO G EN CEROS 
  80 A 800F B71002               STAA      PORTG                 
  81 A 8012                                                      
  82 A 8012 CC302C               LDD       #$302C                * CONFIGURA PUERTO SERIAL 
  83 A 8015 B7102B               STAA      BAUD                  * BAUD  9600  para cristal de 8MHz 
  84 A 8018 F7102D               STAB      SCCR2                 * HABILITA  RX Y TX PERO INTERRUPCN SOLO RX 
  85 A 801B 8600                 LDAA      #$00                  
  86 A 801D B7102C               STAA      SCCR1                 * 8 BITS 
  87 A                  
  88 A 8020 86FE                 LDAA      #$FE                  * CONFIG PUERTO D COMO SALIDAS (EXCEPTO PD0) 
  89 A 8022 B71009               STAA      DDRD                  * SEA  ENABLE DEL DISPLAY  PD4  Y RS PD3 
  90 A                                       
  91 A                        
  92 A 8025 8604                 LDAA      #$04                  
  93 A 8027 B7103C               STAA      HPRIO                 
  94 A                  
  95 A 802A 8600                 LDAA      #$00                  
  96 A 802C 06                   TAP                             
  97 A 802D                                                      
  98 A                  
  99 A                  
 100 A                  
 101 A 802D                                                      
 102 A                  
 103 A                  
 104 A                  
 105 A                 ********************************** 
 106 A                 *PROGRAMA PRINCIPAL 
 107 A                 ********************************** 
 108 A 802D            MAIN                                      
 109 A 802D 7F0012               CLR       U5                    
 110 A 8030 7F0010               CLR       U3                    
 111 A 8033 7F000F               CLR       U2                    
 112 A 8036 7F000E               CLR       U1                    
 113 A 8039                                                      
 114 A 8039 863F       ENCICLATE LDAA      #$3F                  
 115 A 803B 970C                 STAA      ORDEN                 
 116 A 803D                                                      

M68HC11 Absolute Assembler   Version 2.70D:\colores\avsim11/pro.ASC


 117 A 803D 960C       CICLO     LDAA      ORDEN                 
 118 A 803F 813F                 CMPA      #$3F                  
 119 A 8041 27FA                 BEQ       CICLO                 
 120 A                  
 121 A 8043 D60E                 LDAB      U1                    
 122 A 8045 260B                 BNE       CHECA_U2              
 123 A 8047 8153                 CMPA      #'S                   
 124 A 8049 26EE                 BNE       ENCICLATE             
 125 A 804B 8653       COMPARA   LDAA      #'S                   
 126 A 804D 970E                 STAA      U1                    
 127 A 804F 7E8039               JMP       ENCICLATE             
 128 A 8052                                                      
 129 A 8052 D60F       CHECA_U2  LDAB      U2                    
 130 A 8054 2611                 BNE       CHECA_U3              
 131 A 8056 8154                 CMPA      #'T                   
 132 A 8058 2607                 BNE       ENCICLA1              
 133 A 805A 8654                 LDAA      #'T                   
 134 A 805C 970F                 STAA      U2                    
 135 A 805E 7E8039               JMP       ENCICLATE             
 136 A                  
 137 A 8061            ENCICLA1                                  
 138 A 8061 7F000E               CLR       U1                    
 139 A 8064 7E804B               JMP       COMPARA               
 140 A 8067                                                      
 141 A 8067            CHECA_U3                                  
 142 A 8067 D610                 LDAB      U3                    
 143 A 8069 2611                 BNE       CHECA_U4              
 144 A 806B 8141                 CMPA      #'A                   
 145 A 806D 2607                 BNE       ENCICLA2              
 146 A 806F 8641                 LDAA      #'A                   
 147 A 8071 9710                 STAA      U3                    
 148 A 8073 7E8039               JMP       ENCICLATE             
 149 A                  
 150 A 8076            ENCICLA2                                  
 151 A 8076 7F000F               CLR       U2                    
 152 A 8079 7E8061               JMP       ENCICLA1              
 153 A 807C                                                      
 154 A                  
 155 A 807C            CHECA_U4                                  
 156 A 807C D611                 LDAB      U4                    
 157 A 807E 2611                 BNE       SALTA                 
 158 A 8080 8152                 CMPA      #'R                   
 159 A 8082 2607                 BNE       ENCICLA3              
 160 A 8084 8652                 LDAA      #'R                   
 161 A 8086 9711                 STAA      U4                    
 162 A 8088 7E8039               JMP       ENCICLATE             
 163 A                  
 164 A 808B            ENCICLA3                                  
 165 A 808B 7F0010               CLR       U3                    
 166 A 808E 7E8076               JMP       ENCICLA2              
 167 A                  
 168 A 8091            SALTA                                     
 169 A 8091 8154                 CMPA      #'T                   
 170 A 8093 2706                 BEQ       EXITO                 
 171 A 8095 7F0011               CLR       U4                    
 172 A 8098 7E808B               JMP       ENCICLA3              
 173 A                  
 174 A 809B            EXITO                                     

M68HC11 Absolute Assembler   Version 2.70D:\colores\avsim11/pro.ASC


 175 A 809B 7F001F               CLR       Extra                 
 176 A 809E 7F000E               CLR       U1                    
 177 A 80A1 CE0020               LDX       #$0020                
 178 A 80A4                                                      
 179 A 80A4            LOOP                                      
 180 A 80A4 961F                 LDAA      Extra                 
 181 A 80A6 27FC                 BEQ       LOOP                  
 182 A 80A8 7F001F               CLR       Extra                 
 183 A 80AB 960C                 LDAA      ORDEN                 
 184 A 80AD 8145                 CMPA      #'E                   
 185 A 80AF 2711                 BEQ       INCREMENTA            
 186 A 80B1 7F000E               CLR       U1                    
 187 A                  
 188 A 80B4 A700       GUARDA    STAA      $00,X                 
 189 A 80B6 08                   INX                             X 
 190 A 80B7 D60E                 LDAB      U1                    
 191 A 80B9 D10E                 CMPB      U1                    
 192 A 80BB C104                 CMPB      #$04                  
 193 A 80BD 26E5                 BNE       LOOP                  
 194 A 80BF 7E80C8               JMP       Eje                   
 195 A                  
 196 A 80C2            INCREMENTA                                
 197 A 80C2 7C000E               INC       U1                    
 198 A 80C5 7E80B4               JMP       GUARDA                
 199 A                  
 200 A                 *********** 
 201 A                 *ejecutar 
 202 A                 *********** 
 203 A                  
 204 A 80C8 7F0020     Eje       CLR       AUX                   
 205 A 80CB CE0001     OTRO      LDX       #$0001                
 206 A 80CE 188C0000             CPY       #$0000                
 207 A 80D2 2E03                 BGT       SIGUE                 
 208 A 80D4 7E802D               JMP       MAIN                  
 209 A                  
 210 A 80D7 188F       SIGUE     XGDY                            
 211 A 80D9 9719                 STAA      ALTO                  
 212 A 80DB D71A                 STAB      BAJO                  
 213 A 80DD 9C19                 CPX       ALTO                  
 214 A 80DF 2D07                 BLT       COMPPA                
 215 A 80E1 188F                 XGDY                            
 216 A 80E3 1809                 DEY                             
 217 A 80E5 7E80CB               JMP       OTRO                  
 218 A                  
 219 A 80E8 188F       COMPPA    XGDY                            
 220 A 80EA A600                 LDAA      $00,X                 
 221 A 80EC E601                 LDAB      $01,X                 
 222 A 80EE 11                   CBA                             
 223 A 80EF 2E04                 BGT       INTERCAMBIA           
 224 A 80F1 08         SUMALE    INX                             
 225 A 80F2 7E80D7               JMP       SIGUE                 
 226 A 80F5                                                      
 227 A 80F5 9720       INTERCAMBIASTAA      AUX                   
 228 A 80F7 17                   TBA                             
 229 A 80F8 D620                 LDAB      AUX                   
 230 A 80FA 7E80F1               JMP       SUMALE                
 231 A                  
 232 A                  

M68HC11 Absolute Assembler   Version 2.70D:\colores\avsim11/pro.ASC


 233 A 80FD                                                      
 234 A                   
 235 A 80FD                                                      
 236 A                    
 237 A                    
 238 A 80FD                                                      
 239 A                      
 240 A                  
 241 A                 *********************************** 
 242 A                 * INICIA 
 243 A                 *********************************** 
 244 A 80FD            INICIA                                    
 245 A                       
 246 A 80FD 7F000D               CLR       SEG                   
 247 A                  
 248 A 8100 7F1002               CLR       PORTG                 
 249 A 8103 86F4                 LDAA      #$F4                  
 250 A 8105 9718                 STAA      TEMPO                 * TEMPO ES VARIABLE PARA CONTAR 244 CICLOS 
 251 A                  
 252 A 8107 CE1024               LDX       #TMSK2                
 253 A 810A 1C0040               BSET      $00,X,#$40            * HABILITA INTERRUPCION TIMER T-REAL 
 254 A 810D 0E                   CLI                             
 255 A                  
 256 A 810E CE1026               LDX       #PACTL                
 257 A 8111 1C0050               BSET      $00,X,#$50            * HABILITA PAEN -ACUMULADOR PULSOS ALTOS- 
 258 A 8114 7F1027               CLR       PACNT                 * BORRA ACUMULADOR DE PULSOS 
 259 A                  
 260 A 8117 8610                 LDAA      #$10                  
 261 A 8119 971B                 STAA      BASE_H                * PONE UN #1060 COMO DIRECCION BASE INICIAL 
 262 A 811B 8660                 LDAA      #$60                  
 263 A 811D 971C                 STAA      BASE_L                
 264 A 811F                                                      
 265 A 811F 18CE1060             LDY       #$1060                
 266 A 8123                                                      
 267 A 8123 8616                 LDAA      #$16                  
 268 A 8125 9715                 STAA      BAS_H                 * PONE UN #1653 NUMERO TOTAL DE JUEGO DE MUESTRAS 
 269 A 8127 8653                 LDAA      #$53                  
 270 A 8129 9716                 STAA      BAS_L                 
 271 A                  
 272 A                  
 273 A 812B 7F0019               CLR       ALTO                  * INICIA INDICE MUESTRA EN 0 
 274 A 812E 7F001A               CLR       BAJO                  
 275 A                  
 276 A 8131 39                   RTS                             
 277 A                 *********************************** 
 278 A                 * SACA 
 279 A                 *********************************** 
 280 A 8132            SACA                                      
 281 A                              
 282 A                         
 283 A 8132 9619                 LDAA      ALTO                  * INDICE DE MUESTRA (SEGUNDO) 
 284 A 8134 D61A                 LDAB      BAJO                  
 285 A 8136 188F                 XGDY                            
 286 A 8138 1808                 INY                             
 287 A 813A 188F                 XGDY                            
 288 A 813C BD8278               JSR       BINBCD                
 289 A 813F BD81AD               JSR       DISPLAY               
 290 A 8142 BD819D               JSR       COMA                  

M68HC11 Absolute Assembler   Version 2.70D:\colores\avsim11/pro.ASC


 291 A                   
 292 A 8145 961B                 LDAA      BASE_H                * INDICE DE MUESTRA (PARTICULAR) 
 293 A 8147 D61C                 LDAB      BASE_L                
 294 A 8149 188F                 XGDY                            
 295 A 814B                                                      
 296 A 814B 1808                 INY                             
 297 A 814D 4F                   CLRA                            
 298 A 814E 18E600               LDAB      $00,Y                 
 299 A 8151 BD8288               JSR       BNBCD                 
 300 A 8154 BD81CC               JSR       DSPLY                 
 301 A 8157 BD819D               JSR       COMA                  
 302 A                  
 303 A 815A 1808                 INY                             
 304 A 815C 4F                   CLRA                            
 305 A 815D 18E600               LDAB      $00,Y                 
 306 A 8160 BD8288               JSR       BNBCD                 
 307 A 8163 BD81CC               JSR       DSPLY                 
 308 A 8166 BD819D               JSR       COMA                  
 309 A                  
 310 A 8169 1808                 INY                             
 311 A 816B 4F                   CLRA                            
 312 A 816C 18E600               LDAB      $00,Y                 
 313 A 816F BD8288               JSR       BNBCD                 
 314 A 8172 BD81CC               JSR       DSPLY                 
 315 A 8175 BD819D               JSR       COMA                  
 316 A                  
 317 A 8178 1808                 INY                             
 318 A 817A 4F                   CLRA                            
 319 A 817B 18E600               LDAB      $00,Y                 
 320 A 817E BD8288               JSR       BNBCD                 
 321 A 8181 BD81CC               JSR       DSPLY                 
 322 A 8184 BD819D               JSR       COMA                  
 323 A                   
 324 A 8187 1808                 INY                             
 325 A 8189 4F                   CLRA                            
 326 A 818A 18E600               LDAB      $00,Y                 
 327 A 818D BD8288               JSR       BNBCD                 
 328 A 8190 BD81CC               JSR       DSPLY                 
 329 A 8193                                                      
 330 A 8193 188F                 XGDY                            
 331 A 8195 971B                 STAA      BASE_H                
 332 A 8197 D71C                 STAB      BASE_L                
 333 A                  
 334 A 8199 BD81FA               JSR       CRYTRN                
 335 A                  
 336 A 819C 39                   RTS                             
 337 A                 *********************************** 
 338 A                 * COMA 
 339 A                 *********************************** 
 340 A 819D            COMA                                      
 341 A 819D CE102E               LDX       #SCSR                 
 342 A 81A0                                                      
 343 A 81A0 B6102E               LDAA      SCSR                  
 344 A 81A3 862C                 LDAA      #$2C                  * COMA 
 345 A 81A5 B7102F               STAA      SCDR                  
 346 A 81A8            C1                                        
 347 A 81A8 1F0080FC             BRCLR     $00,X,#$80 C1         
 348 A 81AC 39                   RTS                             

M68HC11 Absolute Assembler   Version 2.70D:\colores\avsim11/pro.ASC


 349 A                 *********************************** 
 350 A                 * DESPLIEGA 
 351 A                 *********************************** 
 352 A 81AD            DISPLAY                                   
 353 A                         
 354 A 81AD CE102E               LDX       #SCSR                 
 355 A 81B0                                                      
 356 A 81B0 B6102E               LDAA      SCSR                  
 357 A 81B3 960E                 LDAA      U1                    * U1 
 358 A 81B5 8B30                 ADDA      #$30                  
 359 A 81B7 B7102F               STAA      SCDR                  
 360 A 81BA            T1                                        
 361 A 81BA 1F0080FC             BRCLR     $00,X,#$80 T1         
 362 A 81BE                                                      
 363 A 81BE B6102E               LDAA      SCSR                  
 364 A 81C1 960F                 LDAA      U2                    * U2 
 365 A 81C3 8B30                 ADDA      #$30                  
 366 A 81C5 B7102F               STAA      SCDR                  
 367 A 81C8            T2                                        
 368 A 81C8 1F0080FC             BRCLR     $00,X,#$80 T2         
 369 A                  
 370 A 81CC            DSPLY                                     
 371 A 81CC CE102E               LDX       #SCSR                 
 372 A                      
 373 A 81CF B6102E               LDAA      SCSR                  
 374 A 81D2 9610                 LDAA      U3                    * U3 
 375 A 81D4 8B30                 ADDA      #$30                  
 376 A 81D6 B7102F               STAA      SCDR                  
 377 A 81D9            T3                                        
 378 A 81D9 1F0080FC             BRCLR     $00,X,#$80 T3         
 379 A 81DD                                                      
 380 A 81DD B6102E               LDAA      SCSR                  
 381 A 81E0 9611                 LDAA      U4                    * U4 
 382 A 81E2 8B30                 ADDA      #$30                  
 383 A 81E4 B7102F               STAA      SCDR                  
 384 A 81E7            T4                                        
 385 A 81E7 1F0080FC             BRCLR     $00,X,#$80 T4         
 386 A                     
 387 A 81EB B6102E               LDAA      SCSR                  
 388 A 81EE 9612                 LDAA      U5                    * U5 
 389 A 81F0 8B30                 ADDA      #$30                  
 390 A 81F2 B7102F               STAA      SCDR                  
 391 A 81F5            T5                                        
 392 A 81F5 1F0080FC             BRCLR     $00,X,#$80 T5         
 393 A 81F9                                                      
 394 A 81F9 39                   RTS                             
 395 A                  
 396 A                 *********************************** 
 397 A                 * CARRY RETURN 
 398 A                 *********************************** 
 399 A                  
 400 A 81FA            CRYTRN                                    
 401 A 81FA CE102E               LDX       #SCSR                 
 402 A 81FD B6102E               LDAA      SCSR                  
 403 A 8200 860A                 LDAA      #$0A                  * NEW LINE      
 404 A 8202 B7102F               STAA      SCDR                  
 405 A 8205            CR1                                       
 406 A 8205 1F0080FC             BRCLR     $00,X,#$80 CR1        

M68HC11 Absolute Assembler   Version 2.70D:\colores\avsim11/pro.ASC


 407 A                  
 408 A 8209 B6102E               LDAA      SCSR                  
 409 A 820C 860D                 LDAA      #$0D                  * CARRY RETURN      
 410 A 820E B7102F               STAA      SCDR                  
 411 A 8211            CR2                                       
 412 A 8211 1F0080FC             BRCLR     $00,X,#$80 CR2        
 413 A                  
 414 A 8215 39                   RTS                             
 415 A                 *********************************** 
 416 A                 *  DESPLIEGUE DE DATO RECIBIDO 
 417 A                 *********************************** 
 418 A                  
 419 A 8216            DATARX                                    
 420 A 8216 CE102E               LDX       #SCSR                 
 421 A 8219 B6102E               LDAA      SCSR                  
 422 A 821C 960C                 LDAA      ORDEN                 * NEW LINE      
 423 A 821E B7102F               STAA      SCDR                  
 424 A 8221            DT1                                       
 425 A 8221 1F0080FC             BRCLR     $00,X,#$80 DT1        
 426 A                  
 427 A 8225 B6102E               LDAA      SCSR                  
 428 A 8228 863A                 LDAA      #$3A                  * DOS PUNTOS     
 429 A 822A B7102F               STAA      SCDR                  
 430 A 822D            DT2                                       
 431 A 822D 1F0080FC             BRCLR     $00,X,#$80 DT2        
 432 A                  
 433 A 8231 39                   RTS                             
 434 A                 *********************************** 
 435 A                 * voltimetro 
 436 A                 *********************************** 
 437 A 8232            VOLTA                                     
 438 A 8232 CE1030               LDX       #ADCTL                
 439 A                  
 440 A 8235 8680                 LDAA      #$80                  
 441 A 8237 B71039               STAA      OPTION                * PONE EN MARCHA EL ADC 
 442 A                      
 443 A 823A 8610                 LDAA      #$10                  
 444 A 823C B71030               STAA      ADCTL                 * ENTRADA MULTIPLE SELECCIONA CANAL 0 
 445 A                  
 446 A 823F            E1                                        
 447 A 823F 1F0080FC             BRCLR     $00,X,#$80 E1         
 448 A 8243 F61031               LDAB      ADR1                  
 449 A 8246 D713                 STAB      V1                    
 450 A 8248                                                      
 451 A 8248 8680                 LDAA      #$80                  
 452 A 824A B71039               STAA      OPTION                * PONE EN MARCHA EL ADC 
 453 A                      
 454 A 824D 8611                 LDAA      #$11                  
 455 A 824F B71030               STAA      ADCTL                 * ENTRADA MULTIPLE SELECCIONA CANAL 1 
 456 A                  
 457 A 8252            E2                                        
 458 A 8252 1F0080FC             BRCLR     $00,X,#$80 E2         
 459 A 8256 F61032               LDAB      ADR2                  
 460 A 8259 D714                 STAB      V2                    
 461 A 825B                                                      
 462 A 825B 8612                 LDAA      #$12                  
 463 A 825D B71030               STAA      ADCTL                 * ENTRADA MULTIPLE SELECCIONA CANAL 2 
 464 A                  

M68HC11 Absolute Assembler   Version 2.70D:\colores\avsim11/pro.ASC


 465 A 8260            E3                                        
 466 A 8260 1F0080FC             BRCLR     $00,X,#$80 E3         
 467 A 8264 F61033               LDAB      ADR3                  
 468 A 8267 D71D                 STAB      V3                    
 469 A                  
 470 A 8269 8613                 LDAA      #$13                  
 471 A 826B B71030               STAA      ADCTL                 * ENTRADA MULTIPLE SELECCIONA CANAL 3 
 472 A                  
 473 A 826E            E4                                        
 474 A 826E 1F0080FC             BRCLR     $00,X,#$80 E4         
 475 A 8272 F61034               LDAB      ADR4                  
 476 A 8275 D71E                 STAB      V4                    
 477 A                  
 478 A 8277                                                      
 479 A 8277 39                   RTS                             
 480 A                 *********************************** 
 481 A                 * CONVIERTE A BCD 
 482 A                 *********************************** 
 483 A                  
 484 A 8278            BINBCD                                    
 485 A                       
 486 A 8278 CE2710               LDX       #$2710                
 487 A 827B 02                   IDIV                            
 488 A 827C 8F                   XGDX                            
 489 A 827D D70E                 STAB      U1                    
 490 A 827F 8F                   XGDX                            
 491 A 8280 CE03E8               LDX       #$3E8                 
 492 A 8283 02                   IDIV                            
 493 A 8284 8F                   XGDX                            
 494 A 8285 D70F                 STAB      U2                    
 495 A 8287 8F                   XGDX                            
 496 A                  
 497 A 8288            BNBCD                                     
 498 A 8288 CE0064               LDX       #$64                  
 499 A 828B 02                   IDIV                            
 500 A 828C 8F                   XGDX                            
 501 A 828D D710                 STAB      U3                    
 502 A 828F 8F                   XGDX                            
 503 A 8290 CE000A               LDX       #$A                   
 504 A 8293 02                   IDIV                            
 505 A 8294 8F                   XGDX                            
 506 A 8295 D711                 STAB      U4                    
 507 A 8297 8F                   XGDX                            
 508 A 8298 D712                 STAB      U5                    
 509 A                  
 510 A                  
 511 A                  
 512 A 829A 39                   RTS                             
 513 A                  
 514 A                  
 515 A                  
 516 A                 *********************************** 
 517 A                 * ATENCION A INTERRUPCION SERIAL 
 518 A                 *********************************** 
 519 A      F100                 ORG       $F100                 
 520 A                    
 521 A                    
 522 A                   

M68HC11 Absolute Assembler   Version 2.70D:\colores\avsim11/pro.ASC


 523 A F100 B6102E               LDAA      SCSR                  
 524 A F103 B6102F               LDAA      SCDR                  
 525 A F106 970C                 STAA      ORDEN                 
 526 A F108 7A001F               DEC       Extra                 
 527 A                  
 528 A                       
 529 A                  
 530 A F10B 3B                   RTI                             
 531 A                  
 532 A                 *********************************** 
 533 A                 * ATENCION A INTERRUPCION REAL TIME 
 534 A                 *********************************** 
 535 A      F110                 ORG       $F110                 
 536 A                  
 537 A F110 36                   PSHA                            
 538 A F111 3C                   PSHX                            
 539 A                  
 540 A F112 CE1025               LDX       #TFLG2                
 541 A F115 1C0040               BSET      $00,X,#$40            * BORRA BANDERA INTERRUPCION 
 542 A F118 7A0018               DEC       TEMPO                 
 543 A F11B 2703                 BEQ       SEGUNDO               
 544 A F11D                                                      
 545 A F11D 32                   PULA                            
 546 A F11E 38                   PULX                            
 547 A F11F 3B                   RTI                             
 548 A                  
 549 A F120            SEGUNDO                                   
 550 A F120 86FF                 LDAA      #$FF                  
 551 A F122 970D                 STAA      SEG                   * SEG ES UNA BANDERA DE SEGUNDO     
 552 A F124 86F4                 LDAA      #$F4                  
 553 A F126 9718                 STAA      TEMPO                 * TEMPO ES VARIABLE PARA CONTAR 244 CICLOS 
 554 A F128 7C1002               INC       PORTG                 
 555 A F12B                                                      
 556 A F12B 32                   PULA                            
 557 A F12C 38                   PULX                            
 558 A F12D 3B                   RTI                             
 559 A                 *********************************** 
 560 A                 * VECTOR INTERRUPCION SERIAL 
 561 A                 *********************************** 
 562 A      FFD6                 ORG       $FFD6                 
 563 A FFD6 F100                 FCB       $F1,$00               
 564 A                  
 565 A                 *********************************** 
 566 A                 * VECTOR INTERRUPCION REAL TIME 
 567 A                 *********************************** 
 568 A      FFF0                 ORG       $FFF0                 
 569 A FFF0 F110                 FCB       $F1,$10               
 570 A                  
 571 A                 *********************************** 
 572 A                 *RESET 
 573 A                 *********************************** 
 574 A      FFFE                 ORG       $FFFE                 
 575 A FFFE 8000       RESET     FCB       $80,$00               
 576 A                 *********************************** 
 577 A                           END       $8000                 

SYMBOL TABLE:  Total Entries=   95

ADCTL               1030    HPRIO               103C
ADR1                1031    INCREMEN            80C2
ADR2                1032    INICIA              80FD
ADR3                1033    INTERCAM            80F5
ADR4                1034    LOOP                80A4
ALTO                0019    MAIN                802D
AUX                 0020    OPT2                1038
BAJO                001A    OPTION              1039
BASE_H              001B    ORDEN               000C
BASE_L              001C    OTRO                80CB
BAS_H               0015    PACNT               1027
BAS_L               0016    PACTL               1026
BAUD                102B    PORTA               1000
BINBCD              8278    PORTD               1008
BNBCD               8288    PORTE               100A
C1                  81A8    PORTG               1002
CHECA_U2            8052    RESET               FFFE
CHECA_U3            8067    SACA                8132
CHECA_U4            807C    SALTA               8091
CICLO               803D    SCCR1               102C
COMA                819D    SCCR2               102D
COMPARA             804B    SCDR                102F
COMPPA              80E8    SCSR                102E
CR1                 8205    SEG                 000D
CR2                 8211    SEGUNDO             F120
CRYTRN              81FA    SIGUE               80D7
CSCTL               105D    SPCR                1028
DATARX              8216    SUMALE              80F1
DDRA                1001    T1                  81BA
DDRD                1009    T2                  81C8
DDRG                1003    T3                  81D9
DISPLAY             81AD    T4                  81E7
DSPLY               81CC    T5                  81F5
DT1                 8221    TEMPO               0018
DT2                 822D    TFLG2               1025
E1                  823F    TMSK2               1024
E2                  8252    U1                  000E
E3                  8260    U2                  000F
E4                  826E    U3                  0010
ENCICLA1            8061    U4                  0011
ENCICLA2            8076    U5                  0012
ENCICLA3            808B    V1                  0013
ENCICLAT            8039    V2                  0014
EXITO               809B    V3                  001D
Eje                 80C8    V4                  001E
Ejecutar            0030    V5                  0017
Extra               001F    VOLTA               8232
GUARDA              80B4    

Total errors: 0
